2025-12-25 15:17:47,829 - __main__ - INFO - Starting YouTube MP3 Downloader application
2025-12-25 15:21:48,289 - youtube_mp3_downloader.services.browser_service - INFO - Chrome WebDriver initialized successfully
2025-12-25 15:21:48,674 - youtube_mp3_downloader.services.browser_service - INFO - Page loaded successfully
2025-12-25 15:21:48,689 - youtube_mp3_downloader.services.browser_service - INFO - Successfully navigated to mp3cow.com
2025-12-25 15:21:48,968 - youtube_mp3_downloader.services.browser_service - INFO - Successfully input YouTube URL: https://www.youtube.com/watch?v=onT3z0lCZz8
2025-12-25 15:21:49,199 - youtube_mp3_downloader.services.browser_service - INFO - Successfully clicked convert button
2025-12-25 15:21:49,199 - youtube_mp3_downloader.services.browser_service - INFO - Waiting 5 seconds for conversion to complete...
2025-12-25 15:22:05,458 - youtube_mp3_downloader.services.browser_service - INFO - Found download button using strategy: //button[contains(translate(text(), 'ABCDEFGHIJKLMNOPQRSTUVWXYZ', 'abcdefghijklmnopqrstuvwxyz'), 'download mp3')]
2025-12-25 15:22:06,154 - youtube_mp3_downloader.services.browser_service - INFO - Successfully clicked download button
2025-12-25 15:22:21,044 - youtube_mp3_downloader.services.browser_service - INFO - Browser closed successfully
2025-12-25 15:24:35,805 - __main__ - INFO - Application started successfully
2025-12-25 15:24:35,806 - __main__ - INFO - Application shutdown
2025-12-25 15:30:09,515 - __main__ - INFO - Starting YouTube MP3 Downloader application
2025-12-25 15:31:25,760 - youtube_mp3_downloader.services.browser_service - INFO - Chrome WebDriver initialized successfully
2025-12-25 15:31:26,127 - youtube_mp3_downloader.services.browser_service - INFO - Page loaded successfully
2025-12-25 15:31:26,136 - youtube_mp3_downloader.services.browser_service - INFO - Successfully navigated to mp3cow.com
2025-12-25 15:31:26,366 - youtube_mp3_downloader.services.browser_service - INFO - Successfully input YouTube URL: https://www.youtube.com/watch?v=kXYiU_JCYtU&list=RDkXYiU_JCYtU&start_radio=1
2025-12-25 15:31:26,440 - youtube_mp3_downloader.services.browser_service - INFO - Successfully clicked convert button
2025-12-25 15:31:26,440 - youtube_mp3_downloader.services.browser_service - INFO - Waiting 5 seconds for conversion to complete...
2025-12-25 15:31:31,469 - youtube_mp3_downloader.services.browser_service - INFO - Found download button using strategy: //button[contains(text(), 'Download MP3')]
2025-12-25 15:31:32,203 - youtube_mp3_downloader.services.browser_service - INFO - Successfully clicked download button
2025-12-25 15:31:40,521 - youtube_mp3_downloader.services.browser_service - INFO - Browser closed successfully
2025-12-25 15:32:48,541 - youtube_mp3_downloader.services.browser_service - INFO - Chrome WebDriver initialized successfully
2025-12-25 15:32:48,927 - youtube_mp3_downloader.services.browser_service - INFO - Page loaded successfully
2025-12-25 15:32:48,940 - youtube_mp3_downloader.services.browser_service - INFO - Successfully navigated to mp3cow.com
2025-12-25 15:32:49,158 - youtube_mp3_downloader.services.browser_service - INFO - Successfully input YouTube URL: https://www.youtube.com/watch?v=OnuuYcqhzCE&list=RDOnuuYcqhzCE&start_radio=1
2025-12-25 15:32:49,236 - youtube_mp3_downloader.services.browser_service - INFO - Successfully clicked convert button
2025-12-25 15:32:49,236 - youtube_mp3_downloader.services.browser_service - INFO - Waiting 5 seconds for conversion to complete...
2025-12-25 15:32:54,264 - youtube_mp3_downloader.services.browser_service - INFO - Found download button using strategy: //button[contains(text(), 'Download MP3')]
2025-12-25 15:32:55,335 - youtube_mp3_downloader.services.browser_service - INFO - Successfully clicked download button
2025-12-25 15:33:25,043 - youtube_mp3_downloader.services.browser_service - INFO - Browser closed successfully
2025-12-25 15:33:27,861 - __main__ - INFO - Application started successfully
2025-12-25 15:33:27,861 - __main__ - INFO - Application shutdown
2025-12-25 15:58:11,681 - __main__ - INFO - Starting YouTube MP3 Downloader application
2025-12-25 15:59:12,853 - __main__ - INFO - Starting YouTube MP3 Downloader application
2025-12-25 15:59:15,166 - __main__ - INFO - Application started successfully
2025-12-25 15:59:15,166 - __main__ - INFO - Application shutdown
2025-12-25 15:59:19,263 - __main__ - INFO - Starting YouTube MP3 Downloader application
2025-12-25 15:59:21,773 - __main__ - INFO - Application started successfully
2025-12-25 15:59:21,773 - __main__ - INFO - Application shutdown
2025-12-25 15:59:34,327 - __main__ - INFO - Starting YouTube MP3 Downloader application
2025-12-25 15:59:36,641 - __main__ - INFO - Application started successfully
2025-12-25 15:59:36,641 - __main__ - INFO - Application shutdown
2025-12-25 15:59:37,086 - __main__ - INFO - Application started successfully
2025-12-25 15:59:37,086 - __main__ - INFO - Application shutdown
2025-12-25 16:19:51,410 - __main__ - INFO - Starting YouTube MP3 Downloader application
2025-12-25 16:21:13,741 - youtube_mp3_downloader.services.browser_service - INFO - Chrome WebDriver initialized successfully
2025-12-25 16:21:14,115 - youtube_mp3_downloader.services.browser_service - INFO - Page loaded successfully
2025-12-25 16:21:14,129 - youtube_mp3_downloader.services.browser_service - INFO - Successfully navigated to mp3cow.com
2025-12-25 16:21:14,385 - youtube_mp3_downloader.services.browser_service - INFO - Successfully input YouTube URL: https://www.youtube.com/watch?v=u2ah9tWTkmk&list=RDu2ah9tWTkmk&start_radio=1
2025-12-25 16:21:14,481 - youtube_mp3_downloader.services.browser_service - INFO - Successfully clicked convert button
2025-12-25 16:21:14,482 - youtube_mp3_downloader.services.browser_service - INFO - Waiting 5 seconds for conversion to complete...
2025-12-25 16:21:19,501 - youtube_mp3_downloader.services.browser_service - INFO - Found download button using strategy: //button[contains(text(), 'Download MP3')]
2025-12-25 16:21:20,504 - youtube_mp3_downloader.services.browser_service - INFO - Successfully clicked download button
2025-12-25 16:21:45,583 - __main__ - INFO - Application started successfully
2025-12-25 16:21:45,583 - __main__ - INFO - Application shutdown
2025-12-25 16:22:08,297 - __main__ - INFO - Starting YouTube MP3 Downloader application
2025-12-25 16:26:26,745 - __main__ - INFO - Application started successfully
2025-12-25 16:26:26,746 - __main__ - INFO - Application shutdown
2025-12-25 18:56:25,697 - __main__ - INFO - Starting YouTube MP3 Downloader application
2025-12-25 18:57:55,908 - youtube_mp3_downloader.services.browser_service - INFO - Chrome WebDriver initialized successfully
2025-12-25 18:57:56,265 - youtube_mp3_downloader.services.browser_service - INFO - Page loaded successfully
2025-12-25 18:57:56,274 - youtube_mp3_downloader.services.browser_service - INFO - Successfully navigated to mp3cow.com
2025-12-25 18:57:56,532 - youtube_mp3_downloader.services.browser_service - INFO - Successfully input YouTube URL: https://www.youtube.com/watch?v=FSOz83aPO28&list=RDFSOz83aPO28&start_radio=1
2025-12-25 18:57:56,668 - youtube_mp3_downloader.services.browser_service - INFO - Successfully clicked convert button
2025-12-25 18:57:56,669 - youtube_mp3_downloader.services.browser_service - INFO - Waiting 5 seconds for conversion to complete...
2025-12-25 18:58:01,699 - youtube_mp3_downloader.services.browser_service - INFO - Found download button using strategy: //button[contains(text(), 'Download MP3')]
2025-12-25 18:58:02,339 - youtube_mp3_downloader.services.browser_service - INFO - Successfully clicked download button
2025-12-25 18:58:16,781 - youtube_mp3_downloader.services.browser_service - INFO - Browser closed successfully
2025-12-25 19:00:01,283 - __main__ - INFO - Application started successfully
2025-12-25 19:00:01,284 - __main__ - INFO - Application shutdown
2025-12-25 19:04:37,880 - __main__ - INFO - Starting YouTube MP3 Downloader application
2025-12-25 19:05:13,568 - youtube_mp3_downloader.services.browser_service - INFO - Chrome WebDriver initialized successfully
2025-12-25 19:05:14,183 - youtube_mp3_downloader.services.browser_service - INFO - Page loaded successfully
2025-12-25 19:05:14,196 - youtube_mp3_downloader.services.browser_service - INFO - Successfully navigated to mp3cow.com
2025-12-25 19:05:14,449 - youtube_mp3_downloader.services.browser_service - INFO - Successfully input YouTube URL: https://www.youtube.com/watch?v=FSOz83aPO28&list=RDFSOz83aPO28&start_radio=1
2025-12-25 19:05:14,539 - youtube_mp3_downloader.services.browser_service - INFO - Successfully clicked convert button
2025-12-25 19:05:14,539 - youtube_mp3_downloader.services.browser_service - INFO - Waiting 5 seconds for conversion to complete...
2025-12-25 19:05:19,563 - youtube_mp3_downloader.services.browser_service - INFO - Found download button using strategy: //button[contains(text(), 'Download MP3')]
2025-12-25 19:05:20,189 - youtube_mp3_downloader.services.browser_service - INFO - Successfully clicked download button
2025-12-25 19:05:20,314 - youtube_mp3_downloader.services.browser_service - INFO - Browser closed successfully
2025-12-25 19:05:20,315 - youtube_mp3_downloader.controllers.main_controller - INFO - Browser closed after download initiation
2025-12-25 19:05:51,070 - __main__ - INFO - Application started successfully
2025-12-25 19:05:51,071 - __main__ - INFO - Application shutdown
2025-12-25 19:08:10,369 - __main__ - INFO - Starting YouTube MP3 Downloader application
2025-12-25 19:08:33,169 - youtube_mp3_downloader.services.browser_service - INFO - Chrome WebDriver initialized successfully
2025-12-25 19:08:33,540 - youtube_mp3_downloader.services.browser_service - INFO - Page loaded successfully
2025-12-25 19:08:33,552 - youtube_mp3_downloader.services.browser_service - INFO - Successfully navigated to mp3cow.com
2025-12-25 19:08:33,980 - youtube_mp3_downloader.services.browser_service - INFO - Successfully input YouTube URL: https://www.youtube.com/watch?v=FSOz83aPO28&list=RDFSOz83aPO28&start_radio=1
2025-12-25 19:08:34,089 - youtube_mp3_downloader.services.browser_service - INFO - Successfully clicked convert button
2025-12-25 19:08:34,090 - youtube_mp3_downloader.services.browser_service - INFO - Waiting 5 seconds for conversion to complete...
2025-12-25 19:08:39,115 - youtube_mp3_downloader.services.browser_service - INFO - Found download button using strategy: //button[contains(text(), 'Download MP3')]
2025-12-25 19:08:39,761 - youtube_mp3_downloader.services.browser_service - INFO - Successfully clicked download button
2025-12-25 19:08:47,514 - youtube_mp3_downloader.services.browser_service - INFO - Browser closed successfully
2025-12-25 19:08:47,514 - youtube_mp3_downloader.controllers.main_controller - INFO - Browser closed after download completion
2025-12-25 19:08:50,205 - youtube_mp3_downloader.services.browser_service - WARNING - No browser instance to close
2025-12-25 19:09:01,114 - __main__ - INFO - Application started successfully
2025-12-25 19:09:01,114 - __main__ - INFO - Application shutdown
2025-12-25 19:09:32,864 - __main__ - INFO - Starting YouTube MP3 Downloader application
2025-12-25 19:15:43,147 - __main__ - INFO - Application started successfully
2025-12-25 19:15:43,150 - __main__ - INFO - Application shutdown
2025-12-25 19:26:04,512 - __main__ - INFO - Starting YouTube MP3 Downloader application
2025-12-25 19:26:38,068 - youtube_mp3_downloader.services.batch_processor - INFO - Successfully loaded 11 rows from /Users/blichtle/Downloads/YouTubeMP3Downloader.xlsx
2025-12-25 19:26:47,964 - youtube_mp3_downloader.services.browser_service - INFO - Chrome WebDriver initialized successfully
2025-12-25 19:26:48,444 - youtube_mp3_downloader.services.browser_service - INFO - Page loaded successfully
2025-12-25 19:26:48,454 - youtube_mp3_downloader.services.browser_service - INFO - Successfully navigated to mp3cow.com
2025-12-25 19:26:48,822 - youtube_mp3_downloader.services.browser_service - INFO - Successfully input YouTube URL: https://www.youtube.com/watch?v=3qr6-55oCrM&list=PLlqZM4covn1HF92FlF7W5nUI_Ixh2m3Rk
2025-12-25 19:26:48,906 - youtube_mp3_downloader.services.browser_service - INFO - Successfully clicked convert button
2025-12-25 19:26:48,907 - youtube_mp3_downloader.services.browser_service - INFO - Waiting 5 seconds for conversion to complete...
2025-12-25 19:26:54,721 - youtube_mp3_downloader.services.browser_service - INFO - Found download button using strategy: //button[contains(text(), 'Download MP3')]
2025-12-25 19:26:55,339 - youtube_mp3_downloader.services.browser_service - INFO - Successfully clicked download button
2025-12-25 19:26:59,089 - youtube_mp3_downloader.services.browser_service - INFO - Browser closed successfully
2025-12-25 19:26:59,090 - youtube_mp3_downloader.controllers.main_controller - INFO - Browser closed after download completion
2025-12-25 19:27:02,032 - youtube_mp3_downloader.services.browser_service - WARNING - No browser instance to close
2025-12-25 19:27:04,483 - youtube_mp3_downloader.services.browser_service - INFO - Chrome WebDriver initialized successfully
2025-12-25 19:27:04,883 - youtube_mp3_downloader.services.browser_service - INFO - Page loaded successfully
2025-12-25 19:27:04,897 - youtube_mp3_downloader.services.browser_service - INFO - Successfully navigated to mp3cow.com
2025-12-25 19:27:05,228 - youtube_mp3_downloader.services.browser_service - INFO - Successfully input YouTube URL: https://www.youtube.com/watch?v=SRXH9AbT280&list=RDSRXH9AbT280&start_radio=1
2025-12-25 19:27:05,373 - youtube_mp3_downloader.services.browser_service - INFO - Successfully clicked convert button
2025-12-25 19:27:05,374 - youtube_mp3_downloader.services.browser_service - INFO - Waiting 5 seconds for conversion to complete...
2025-12-25 19:27:10,394 - youtube_mp3_downloader.services.browser_service - INFO - Found download button using strategy: //button[contains(text(), 'Download MP3')]
2025-12-25 19:27:11,501 - youtube_mp3_downloader.services.browser_service - INFO - Successfully clicked download button
2025-12-25 19:27:15,214 - youtube_mp3_downloader.services.browser_service - INFO - Browser closed successfully
2025-12-25 19:27:15,214 - youtube_mp3_downloader.controllers.main_controller - INFO - Browser closed after download completion
2025-12-25 19:27:16,603 - youtube_mp3_downloader.services.browser_service - WARNING - No browser instance to close
2025-12-25 19:27:19,055 - youtube_mp3_downloader.services.browser_service - INFO - Chrome WebDriver initialized successfully
2025-12-25 19:27:19,444 - youtube_mp3_downloader.services.browser_service - INFO - Page loaded successfully
2025-12-25 19:27:19,450 - youtube_mp3_downloader.services.browser_service - INFO - Successfully navigated to mp3cow.com
2025-12-25 19:27:19,813 - youtube_mp3_downloader.services.browser_service - INFO - Successfully input YouTube URL: https://www.youtube.com/watch?v=_f9b0NB5o4E&list=RD_f9b0NB5o4E&start_radio=1
2025-12-25 19:27:19,965 - youtube_mp3_downloader.services.browser_service - INFO - Successfully clicked convert button
2025-12-25 19:27:19,965 - youtube_mp3_downloader.services.browser_service - INFO - Waiting 5 seconds for conversion to complete...
2025-12-25 19:27:26,295 - youtube_mp3_downloader.services.browser_service - INFO - Found download button using strategy: //button[contains(text(), 'Download MP3')]
2025-12-25 19:27:26,980 - youtube_mp3_downloader.services.browser_service - INFO - Successfully clicked download button
2025-12-25 19:27:31,166 - youtube_mp3_downloader.services.browser_service - INFO - Browser closed successfully
2025-12-25 19:27:31,166 - youtube_mp3_downloader.controllers.main_controller - INFO - Browser closed after download completion
2025-12-25 19:27:32,927 - youtube_mp3_downloader.services.browser_service - WARNING - No browser instance to close
2025-12-25 19:27:35,019 - youtube_mp3_downloader.services.browser_service - INFO - Chrome WebDriver initialized successfully
2025-12-25 19:27:35,395 - youtube_mp3_downloader.services.browser_service - INFO - Page loaded successfully
2025-12-25 19:27:35,407 - youtube_mp3_downloader.services.browser_service - INFO - Successfully navigated to mp3cow.com
2025-12-25 19:27:35,716 - youtube_mp3_downloader.services.browser_service - INFO - Successfully input YouTube URL: https://www.youtube.com/watch?v=ZAt8oxY0GQo&list=RDZAt8oxY0GQo&start_radio=1
2025-12-25 19:27:35,798 - youtube_mp3_downloader.services.browser_service - INFO - Successfully clicked convert button
2025-12-25 19:27:35,798 - youtube_mp3_downloader.services.browser_service - INFO - Waiting 5 seconds for conversion to complete...
2025-12-25 19:27:40,825 - youtube_mp3_downloader.services.browser_service - INFO - Found download button using strategy: //button[contains(text(), 'Download MP3')]
2025-12-25 19:27:41,493 - youtube_mp3_downloader.services.browser_service - INFO - Successfully clicked download button
2025-12-25 19:27:45,677 - youtube_mp3_downloader.services.browser_service - INFO - Browser closed successfully
2025-12-25 19:27:45,677 - youtube_mp3_downloader.controllers.main_controller - INFO - Browser closed after download completion
2025-12-25 19:27:47,645 - youtube_mp3_downloader.services.browser_service - WARNING - No browser instance to close
2025-12-25 19:27:49,816 - youtube_mp3_downloader.services.browser_service - INFO - Chrome WebDriver initialized successfully
2025-12-25 19:27:50,172 - youtube_mp3_downloader.services.browser_service - INFO - Page loaded successfully
2025-12-25 19:27:50,184 - youtube_mp3_downloader.services.browser_service - INFO - Successfully navigated to mp3cow.com
2025-12-25 19:27:50,487 - youtube_mp3_downloader.services.browser_service - INFO - Successfully input YouTube URL: https://www.youtube.com/watch?v=fSHoePrnmMw&list=RDfSHoePrnmMw&start_radio=1
2025-12-25 19:27:50,585 - youtube_mp3_downloader.services.browser_service - INFO - Successfully clicked convert button
2025-12-25 19:27:50,585 - youtube_mp3_downloader.services.browser_service - INFO - Waiting 5 seconds for conversion to complete...
2025-12-25 19:27:55,612 - youtube_mp3_downloader.services.browser_service - INFO - Found download button using strategy: //button[contains(text(), 'Download MP3')]
2025-12-25 19:27:56,755 - youtube_mp3_downloader.services.browser_service - INFO - Successfully clicked download button
2025-12-25 19:28:00,432 - youtube_mp3_downloader.services.browser_service - INFO - Browser closed successfully
2025-12-25 19:28:00,432 - youtube_mp3_downloader.controllers.main_controller - INFO - Browser closed after download completion
2025-12-25 19:28:01,650 - youtube_mp3_downloader.services.browser_service - WARNING - No browser instance to close
2025-12-25 19:28:03,691 - youtube_mp3_downloader.services.browser_service - INFO - Chrome WebDriver initialized successfully
2025-12-25 19:28:04,052 - youtube_mp3_downloader.services.browser_service - INFO - Page loaded successfully
2025-12-25 19:28:04,060 - youtube_mp3_downloader.services.browser_service - INFO - Successfully navigated to mp3cow.com
2025-12-25 19:28:04,331 - youtube_mp3_downloader.services.browser_service - INFO - Successfully input YouTube URL: https://www.youtube.com/watch?v=aoverLVhD-8&list=RDaoverLVhD-8&start_radio=1
2025-12-25 19:28:04,440 - youtube_mp3_downloader.services.browser_service - INFO - Successfully clicked convert button
2025-12-25 19:28:04,440 - youtube_mp3_downloader.services.browser_service - INFO - Waiting 5 seconds for conversion to complete...
2025-12-25 19:28:09,467 - youtube_mp3_downloader.services.browser_service - INFO - Found download button using strategy: //button[contains(text(), 'Download MP3')]
2025-12-25 19:28:10,592 - youtube_mp3_downloader.services.browser_service - INFO - Successfully clicked download button
2025-12-25 19:28:14,259 - youtube_mp3_downloader.services.browser_service - INFO - Browser closed successfully
2025-12-25 19:28:14,259 - youtube_mp3_downloader.controllers.main_controller - INFO - Browser closed after download completion
2025-12-25 19:28:15,545 - youtube_mp3_downloader.services.browser_service - WARNING - No browser instance to close
2025-12-25 19:28:17,691 - youtube_mp3_downloader.services.browser_service - INFO - Chrome WebDriver initialized successfully
2025-12-25 19:28:18,017 - youtube_mp3_downloader.services.browser_service - INFO - Page loaded successfully
2025-12-25 19:28:18,027 - youtube_mp3_downloader.services.browser_service - INFO - Successfully navigated to mp3cow.com
2025-12-25 19:28:18,320 - youtube_mp3_downloader.services.browser_service - INFO - Successfully input YouTube URL: https://www.youtube.com/watch?v=qaMxFaIZiKY&list=RDqaMxFaIZiKY&start_radio=1
2025-12-25 19:28:18,477 - youtube_mp3_downloader.services.browser_service - INFO - Successfully clicked convert button
2025-12-25 19:28:18,477 - youtube_mp3_downloader.services.browser_service - INFO - Waiting 5 seconds for conversion to complete...
2025-12-25 19:28:23,505 - youtube_mp3_downloader.services.browser_service - INFO - Found download button using strategy: //button[contains(text(), 'Download MP3')]
2025-12-25 19:28:24,567 - youtube_mp3_downloader.services.browser_service - INFO - Successfully clicked download button
2025-12-25 19:28:28,245 - youtube_mp3_downloader.services.browser_service - INFO - Browser closed successfully
2025-12-25 19:28:28,245 - youtube_mp3_downloader.controllers.main_controller - INFO - Browser closed after download completion
2025-12-25 19:28:29,411 - youtube_mp3_downloader.services.browser_service - WARNING - No browser instance to close
2025-12-25 19:28:31,494 - youtube_mp3_downloader.services.browser_service - INFO - Chrome WebDriver initialized successfully
2025-12-25 19:28:31,846 - youtube_mp3_downloader.services.browser_service - INFO - Page loaded successfully
2025-12-25 19:28:31,872 - youtube_mp3_downloader.services.browser_service - INFO - Successfully navigated to mp3cow.com
2025-12-25 19:28:32,164 - youtube_mp3_downloader.services.browser_service - INFO - Successfully input YouTube URL: https://www.youtube.com/watch?v=kivUsDGWojU&list=RDkivUsDGWojU&start_radio=1
2025-12-25 19:28:32,256 - youtube_mp3_downloader.services.browser_service - INFO - Successfully clicked convert button
2025-12-25 19:28:32,256 - youtube_mp3_downloader.services.browser_service - INFO - Waiting 5 seconds for conversion to complete...
2025-12-25 19:28:37,283 - youtube_mp3_downloader.services.browser_service - INFO - Found download button using strategy: //button[contains(text(), 'Download MP3')]
2025-12-25 19:28:38,442 - youtube_mp3_downloader.services.browser_service - INFO - Successfully clicked download button
2025-12-25 19:28:42,122 - youtube_mp3_downloader.services.browser_service - INFO - Browser closed successfully
2025-12-25 19:28:42,122 - youtube_mp3_downloader.controllers.main_controller - INFO - Browser closed after download completion
2025-12-25 19:28:43,877 - youtube_mp3_downloader.services.browser_service - WARNING - No browser instance to close
2025-12-25 19:28:45,952 - youtube_mp3_downloader.services.browser_service - INFO - Chrome WebDriver initialized successfully
2025-12-25 19:28:46,354 - youtube_mp3_downloader.services.browser_service - INFO - Page loaded successfully
2025-12-25 19:28:46,369 - youtube_mp3_downloader.services.browser_service - INFO - Successfully navigated to mp3cow.com
2025-12-25 19:28:46,670 - youtube_mp3_downloader.services.browser_service - INFO - Successfully input YouTube URL: https://www.youtube.com/watch?v=TWmOZB-9xAw&list=RDTWmOZB-9xAw&start_radio=1
2025-12-25 19:28:46,758 - youtube_mp3_downloader.services.browser_service - INFO - Successfully clicked convert button
2025-12-25 19:28:46,758 - youtube_mp3_downloader.services.browser_service - INFO - Waiting 5 seconds for conversion to complete...
2025-12-25 19:28:51,782 - youtube_mp3_downloader.services.browser_service - INFO - Found download button using strategy: //button[contains(text(), 'Download MP3')]
2025-12-25 19:28:52,405 - youtube_mp3_downloader.services.browser_service - INFO - Successfully clicked download button
2025-12-25 19:28:56,583 - youtube_mp3_downloader.services.browser_service - INFO - Browser closed successfully
2025-12-25 19:28:56,584 - youtube_mp3_downloader.controllers.main_controller - INFO - Browser closed after download completion
2025-12-25 19:28:57,844 - youtube_mp3_downloader.services.browser_service - WARNING - No browser instance to close
2025-12-25 19:29:00,039 - youtube_mp3_downloader.services.browser_service - INFO - Chrome WebDriver initialized successfully
2025-12-25 19:29:00,381 - youtube_mp3_downloader.services.browser_service - INFO - Page loaded successfully
2025-12-25 19:29:00,392 - youtube_mp3_downloader.services.browser_service - INFO - Successfully navigated to mp3cow.com
2025-12-25 19:29:00,672 - youtube_mp3_downloader.services.browser_service - INFO - Successfully input YouTube URL: https://www.youtube.com/watch?v=pa4kv2Z5mvQ&list=RDpa4kv2Z5mvQ&start_radio=1
2025-12-25 19:29:00,795 - youtube_mp3_downloader.services.browser_service - INFO - Successfully clicked convert button
2025-12-25 19:29:00,795 - youtube_mp3_downloader.services.browser_service - INFO - Waiting 5 seconds for conversion to complete...
2025-12-25 19:29:19,333 - __main__ - INFO - Application started successfully
2025-12-25 19:29:19,334 - __main__ - INFO - Application shutdown
